<?xml version="1.0" encoding="UTF-8"?>
<!-- Generated by org.testng.reporters.JUnitReportReporter -->
<testsuite hostname="Rajanis-MacBook-Pro.local" failures="0" tests="1" name="test.HomePageTest" time="0.010" errors="0" timestamp="2022-12-09T23:04:28 IST" skipped="0">
  <testcase classname="test.HomePageTest" name="myMethod" time="0.010"/>
  <system-out/>
</testsuite> <!-- test.HomePageTest -->
