<?xml version="1.0" encoding="UTF-8"?>
<!-- Generated by org.testng.reporters.JUnitReportReporter -->
<testsuite hostname="Rajanis-MacBook-Pro.local" failures="0" tests="1" name="test.LoginPageTest" time="0.009" errors="0" timestamp="2022-12-09T23:37:23 IST" skipped="0">
  <testcase classname="test.LoginPageTest" name="f" time="0.009"/>
  <system-out/>
</testsuite> <!-- test.LoginPageTest -->
